Base path: D:/Program Files (x86)/Unity/Editor/Data
Pipe name: \\.\pipe\UnityShaderCompiler-2-12840
Cmd: getPlatforms
Cmd: compileSnippet
  api=9 type=0 insize=2009 outsize=2089 kw= ok=1
Cmd: compileSnippet
  api=9 type=1 insize=1381 outsize=7 kw= ok=1
Cmd: compileSnippet
  api=5 type=0 insize=861 outsize=1147 kw=SHADOWS_CUBE ok=1
Cmd: compileSnippet
  api=9 type=1 insize=861 outsize=7 kw=SHADOWS_CUBE ok=1
Cmd: compileSnippet
  api=5 type=0 insize=1355 outsize=1394 kw=SOFTPARTICLES_ON ok=1
Cmd: compileSnippet
  api=9 type=1 insize=1355 outsize=7 kw=SOFTPARTICLES_ON ok=1
Cmd: compileSnippet
  api=9 type=0 insize=2087 outsize=2229 kw= ok=1
Cmd: compileSnippet
  api=9 type=0 insize=1205 outsize=761 kw=SOFTPARTICLES_OFF ok=1
Cmd: compileSnippet
  api=9 type=1 insize=1205 outsize=7 kw=SOFTPARTICLES_ON ok=1
Cmd: compileSnippet
  api=9 type=1 insize=924 outsize=7 kw= ok=1
Cmd: compileSnippet
  api=9 type=0 insize=1115 outsize=1141 kw= ok=1
Cmd: compileSnippet
  api=9 type=0 insize=1187 outsize=1505 kw=SHADOWS_CUBE ok=1
Cmd: compileSnippet
  api=9 type=1 insize=1187 outsize=7 kw=SHADOWS_CUBE ok=1
Cmd: compileSnippet
  api=5 type=1 insize=1568 outsize=6 kw= ok=1
Cmd: compileSnippet
  api=9 type=1 insize=1252 outsize=7 kw= ok=1
Cmd: compileSnippet
  api=9 type=0 insize=861 outsize=983 kw=SHADOWS_DEPTH ok=1
Cmd: compileSnippet
  api=9 type=1 insize=861 outsize=7 kw=SHADOWS_CUBE ok=1
Cmd: compileSnippet
  api=9 type=0 insize=2284 outsize=2552 kw= ok=1
Cmd: compileSnippet
  api=9 type=1 insize=2411 outsize=7 kw= ok=1
Unhandled exception: Readfile from pipe failed. GLE=管道已结束。


Quitting shader compiler process
