Base path: D:/Program Files (x86)/Unity/Editor/Data
Pipe name: \\.\pipe\UnityShaderCompiler-3-4080
Cmd: getPlatforms
Cmd: compileSnippet
  api=9 type=1 insize=2009 outsize=7 kw= ok=1
Cmd: compileSnippet
  api=9 type=0 insize=861 outsize=1187 kw=SHADOWS_CUBE ok=1
Cmd: compileSnippet
  api=9 type=1 insize=861 outsize=7 kw=SHADOWS_DEPTH ok=1
Cmd: compileSnippet
  api=9 type=0 insize=2154 outsize=2188 kw= ok=1
Cmd: compileSnippet
  api=9 type=1 insize=2154 outsize=7 kw= ok=1
Cmd: compileSnippet
  api=9 type=0 insize=1355 outsize=1421 kw=SOFTPARTICLES_ON ok=1
Cmd: compileSnippet
  api=9 type=1 insize=1355 outsize=7 kw=SOFTPARTICLES_OFF ok=1
Cmd: compileSnippet
  api=5 type=0 insize=1205 outsize=1265 kw=SOFTPARTICLES_ON ok=1
Cmd: compileSnippet
  api=9 type=1 insize=1205 outsize=7 kw=SOFTPARTICLES_OFF ok=1
Cmd: compileSnippet
  api=9 type=0 insize=1097 outsize=1082 kw= ok=1
Cmd: compileSnippet
  api=9 type=1 insize=1097 outsize=7 kw= ok=1
Cmd: compileSnippet
  api=9 type=0 insize=924 outsize=726 kw= ok=1
Cmd: compileSnippet
  api=9 type=0 insize=1179 outsize=1171 kw= ok=1
Cmd: compileSnippet
  api=9 type=0 insize=2376 outsize=2612 kw= ok=1
Cmd: compileSnippet
  api=9 type=1 insize=1115 outsize=7 kw= ok=1
Cmd: compileSnippet
  api=5 type=0 insize=1187 outsize=1483 kw=SHADOWS_CUBE ok=1
Cmd: compileSnippet
  api=5 type=1 insize=1187 outsize=6 kw=SHADOWS_DEPTH ok=1
Cmd: compileSnippet
  api=9 type=0 insize=1217 outsize=1348 kw= ok=1
Cmd: compileSnippet
  api=9 type=0 insize=1568 outsize=1690 kw= ok=1
Cmd: compileSnippet
  api=9 type=1 insize=1263 outsize=7 kw= ok=1
Cmd: compileSnippet
  api=9 type=0 insize=861 outsize=1187 kw=SHADOWS_CUBE ok=1
Cmd: compileSnippet
  api=9 type=1 insize=861 outsize=7 kw=SHADOWS_DEPTH ok=1
Cmd: compileSnippet
  api=9 type=0 insize=1120 outsize=1089 kw= ok=1
Cmd: compileSnippet
  api=9 type=1 insize=1120 outsize=7 kw= ok=1
Cmd: compileSnippet
  api=9 type=0 insize=1476 outsize=1524 kw= ok=1
Cmd: compileSnippet
  api=9 type=1 insize=1476 outsize=7 kw= ok=1
Cmd: compileSnippet
  api=9 type=0 insize=1260 outsize=1493 kw= ok=1
Cmd: compileSnippet
  api=9 type=1 insize=1260 outsize=7 kw= ok=1
Cmd: compileSnippet
  api=9 type=1 insize=1124 outsize=7 kw= ok=1
Cmd: compileSnippet
  api=9 type=1 insize=1554 outsize=7 kw= ok=1
Cmd: compileSnippet
  api=9 type=0 insize=1121 outsize=1123 kw= ok=1
Cmd: compileSnippet
  api=9 type=1 insize=1121 outsize=7 kw= ok=1
Cmd: compileSnippet
  api=9 type=0 insize=1099 outsize=1037 kw= ok=1
Cmd: compileSnippet
  api=9 type=1 insize=1099 outsize=7 kw= ok=1
Cmd: compileSnippet
  api=9 type=0 insize=1051 outsize=1089 kw= ok=1
Cmd: compileSnippet
  api=9 type=1 insize=1051 outsize=7 kw= ok=1
Cmd: compileSnippet
  api=9 type=1 insize=1917 outsize=7 kw= ok=1
Unhandled exception: Readfile from pipe failed. GLE=管道已结束。


Quitting shader compiler process
