Base path: D:/Program Files (x86)/Unity/Editor/Data
Pipe name: \\.\pipe\UnityShaderCompiler-4-13132
Cmd: getPlatforms
Cmd: compileSnippet
  api=9 type=0 insize=1381 outsize=1492 kw= ok=1
Cmd: compileSnippet
  api=9 type=0 insize=861 outsize=983 kw=SHADOWS_DEPTH ok=1
Cmd: compileSnippet
  api=5 type=1 insize=861 outsize=6 kw=SHADOWS_CUBE ok=1
Cmd: compileSnippet
  api=9 type=0 insize=1355 outsize=888 kw=SOFTPARTICLES_OFF ok=1
Cmd: compileSnippet
  api=5 type=1 insize=1355 outsize=6 kw=SOFTPARTICLES_ON ok=1
Cmd: compileSnippet
  api=9 type=0 insize=1788 outsize=1665 kw= ok=1
Cmd: compileSnippet
  api=9 type=1 insize=1788 outsize=7 kw= ok=1
Cmd: compileSnippet
  api=9 type=1 insize=2087 outsize=7 kw= ok=1
Cmd: compileSnippet
  api=9 type=0 insize=2458 outsize=2780 kw= ok=1
Cmd: compileSnippet
  api=9 type=1 insize=2458 outsize=7 kw= ok=1
Cmd: compileSnippet
  api=9 type=0 insize=2092 outsize=2254 kw= ok=1
Cmd: compileSnippet
  api=9 type=1 insize=2092 outsize=7 kw= ok=1
Cmd: compileSnippet
  api=9 type=0 insize=1205 outsize=1294 kw=SOFTPARTICLES_ON ok=1
Cmd: compileSnippet
  api=5 type=1 insize=1205 outsize=6 kw=SOFTPARTICLES_ON ok=1
Cmd: compileSnippet
  api=9 type=1 insize=1179 outsize=7 kw= ok=1
Cmd: compileSnippet
  api=5 type=1 insize=2376 outsize=6 kw= ok=1
Cmd: compileSnippet
  api=9 type=0 insize=1187 outsize=1301 kw=SHADOWS_DEPTH ok=1
Cmd: compileSnippet
  api=5 type=1 insize=1187 outsize=6 kw=SHADOWS_CUBE ok=1
Cmd: compileSnippet
  api=5 type=1 insize=1217 outsize=6 kw= ok=1
Cmd: compileSnippet
  api=5 type=0 insize=1252 outsize=1105 kw= ok=1
Cmd: compileSnippet
  api=9 type=0 insize=1263 outsize=1318 kw= ok=1
Cmd: compileSnippet
  api=5 type=0 insize=861 outsize=1147 kw=SHADOWS_CUBE ok=1
Cmd: compileSnippet
  api=5 type=1 insize=861 outsize=6 kw=SHADOWS_CUBE ok=1
Cmd: compileSnippet
  api=9 type=1 insize=2284 outsize=7 kw= ok=1
Cmd: compileSnippet
  api=9 type=0 insize=1124 outsize=1123 kw= ok=1
Cmd: compileSnippet
  api=9 type=0 insize=1554 outsize=1664 kw= ok=1
Cmd: compileSnippet
  api=9 type=0 insize=1917 outsize=2026 kw= ok=1
Cmd: compileSnippet
  api=9 type=0 insize=2411 outsize=2786 kw= ok=1
Unhandled exception: Readfile from pipe failed. GLE=管道已结束。


Quitting shader compiler process
